build/app/outputs/mapping/release/seeds.txt
com.example.trucki.MainActivity
com.example.trucki.MainActivity: MainActivity()
...
androidx.window.R$styleable: R$styleable()
androidx.core.view.WindowInsetsCompat$Impl20: boolean equals(java.lang.Object)
io.flutter.embedding.engine.renderer.FlutterRenderer$ImageReaderSurfaceProducer: void release()
androidx.window.layout.WindowInfoTracker$-CC: androidx.window.layout.WindowInfoTracker getOrCreate(android.content.Context)
io.flutter.embedding.engine.renderer.FlutterRenderer$ImageReaderSurfaceProducer: void maybeCreateReader()
androidx.window.embedding.EmbeddingAdapter: java.util.function.Predicate translateParentMetricsPredicate(androidx.window.embedding.SplitRule)
androidx.window.layout.WindowLayoutInfo: boolean equals(java.lang.Object)
androidx.window.layout.SidecarCompat: SidecarCompat(android.content.Context)
androidx.window.embedding.SplitPairFilter: int hashCode()
io.flutter.embedding.engine.FlutterJNI: void runBundleAndSnapshotFromLibrary(java.lang.String,java.lang.String,java.lang.String,android.content.res.AssetManager,java.util.List)
androidx.window.layout.HardwareFoldingFeature$Type$Companion: androidx.window.layout.HardwareFoldingFeature$Type getFOLD()
io.flutter.view.TextureRegistry$SurfaceTextureEntry: void setOnFrameConsumedListener(io.flutter.view.TextureRegistry$OnFrameConsumedListener)
io.flutter.embedding.android.FlutterView: io.flutter.embedding.engine.FlutterEngine getAttachedFlutterEngine()
androidx.core.view.WindowInsetsCompat$Impl: WindowInsetsCompat$Impl(androidx.core.view.WindowInsetsCompat)
io.flutter.embedding.engine.systemchannels.PlatformChannel$SystemUiOverlay: io.flutter.embedding.engine.systemchannels.PlatformChannel$SystemUiOverlay[] values()
io.flutter.embedding.engine.systemchannels.PlatformViewsChannel$PlatformViewCreationRequest$RequestedDisplayMode: io.flutter.embedding.engine.systemchannels.PlatformViewsChannel$PlatformViewCreationRequest$RequestedDisplayMode[] values()
io.flutter.embedding.engine.mutatorsstack.FlutterMutatorsStack: java.util.List getFinalClippingPaths()
io.flutter.view.AccessibilityViewEmbedder: android.view.accessibility.AccessibilityNodeInfo convertToFlutterNode(android.view.accessibility.AccessibilityNodeInfo,int,android.view.View)
androidx.window.layout.WindowMetricsCalculator: androidx.window.layout.WindowMetrics computeMaximumWindowMetrics(android.app.Activity)
io.flutter.embedding.engine.FlutterJNI: void init(android.content.Context,java.lang.String[],java.lang.String,java.lang.String,java.lang.String,long)
androidx.window.layout.WindowMetrics: java.lang.String toString()
io.flutter.embedding.android.FlutterActivityLaunchConfigs$BackgroundMode: io.flutter.embedding.android.FlutterActivityLaunchConfigs$BackgroundMode valueOf(java.lang.String)
androidx.core.view.WindowInsetsCompat$BuilderImpl: void setMandatorySystemGestureInsets(androidx.core.graphics.Insets)
androidx.core.view.WindowInsetsCompat$Impl20: androidx.core.graphics.Insets getVisibleInsets(android.view.View)
io.flutter.view.TextureRegistry$SurfaceProducer: void release()
androidx.window.layout.SidecarWindowBackend: androidx.window.layout.SidecarWindowBackend access$getGlobalInstance$cp()
androidx.window.layout.HardwareFoldingFeature$Type: java.lang.String toString()
androidx.window.layout.WindowMetricsCalculator$Companion$reset$1: androidx.window.layout.WindowMetricsCalculator invoke(androidx.window.layout.WindowMetricsCalculator)
io.flutter.embedding.engine.FlutterJNI: void setLocalizationPlugin(io.flutter.plugin.localization.LocalizationPlugin)
io.flutter.embedding.engine.renderer.FlutterRenderer$ImageReaderSurfaceProducer: FlutterRenderer$ImageReaderSurfaceProducer(io.flutter.embedding.engine.renderer.FlutterRenderer,long)
io.flutter.plugin.editing.ImeSyncDeferringInsetsCallback: android.view.View access$402(io.flutter.plugin.editing.ImeSyncDeferringInsetsCallback,android.view.View)
io.flutter.embedding.engine.FlutterJNI: void setAccessibilityDelegate(io.flutter.embedding.engine.FlutterJNI$AccessibilityDelegate)