build/app/outputs/mapping/release/mapping.txt
# compiler: R8
# compiler_version: 3.3.70
# min_api: 19
# common_typos_disable
# {"id":"com.android.tools.r8.mapping","version":"2.0"}
# pg_map_id: 16fe053
# pg_map_hash: SHA-256 16fe0533b6cff0dd06f756302c5b22d0979e6ab11bf1a46f0f1506fec40315b0
...
kotlin.reflect.KDeclarationContainer -> q0.d:
kotlin.reflect.KFunction -> q0.e:
kotlin.reflect.KType -> q0.f:
kotlin.reflect.KVisibility -> q0.g:
    kotlin.reflect.KVisibility[] $VALUES -> h
    kotlin.reflect.KVisibility PUBLIC -> d
    kotlin.reflect.KVisibility PROTECTED -> e
    kotlin.reflect.KVisibility INTERNAL -> f
    kotlin.reflect.KVisibility PRIVATE -> g
    kotlin.reflect.KVisibility[] $values() -> a
kotlin.sequences.ConstrainedOnceSequence -> r0.a:
    java.util.concurrent.atomic.AtomicReference sequenceRef -> a
kotlin.sequences.Sequence -> r0.b:
kotlin.sequences.SequencesKt -> r0.c:
    kotlin.sequences.Sequence asSequence(java.util.Iterator) -> a
      # {"id":"com.android.tools.r8.synthesized"}
    kotlin.sequences.Sequence map(kotlin.sequences.Sequence,kotlin.jvm.functions.Function1) -> c
      # {"id":"com.android.tools.r8.synthesized"}
    java.util.List toList(kotlin.sequences.Sequence) -> e
      # {"id":"com.android.tools.r8.synthesized"}
kotlin.sequences.SequencesKt__SequenceBuilderKt -> r0.d:
kotlin.sequences.SequencesKt__SequencesJVMKt -> r0.e:
kotlin.sequences.SequencesKt__SequencesKt -> r0.f:
    kotlin.sequences.Sequence asSequence(java.util.Iterator) -> a
    kotlin.sequences.Sequence constrainOnce(kotlin.sequences.Sequence) -> b
kotlin.sequences.SequencesKt__SequencesKt$asSequence$$inlined$Sequence$1 -> r0.f$a:
    java.util.Iterator $this_asSequence$inlined -> a
kotlin.sequences.SequencesKt___SequencesJvmKt -> r0.g:
kotlin.sequences.SequencesKt___SequencesKt -> r0.h:
    kotlin.sequences.Sequence map(kotlin.sequences.Sequence,kotlin.jvm.functions.Function1) -> c
    java.util.Collection toCollection(kotlin.sequences.Sequence,java.util.Collection) -> d
    java.util.List toList(kotlin.sequences.Sequence) -> e
    java.util.List toMutableList(kotlin.sequences.Sequence) -> f
kotlin.sequences.TransformingSequence -> r0.i:
    kotlin.sequences.Sequence sequence -> a
    kotlin.jvm.functions.Function1 transformer -> b
    kotlin.sequences.Sequence access$getSequence$p(kotlin.sequences.TransformingSequence) -> a
    kotlin.jvm.functions.Function1 access$getTransformer$p(kotlin.sequences.TransformingSequence) -> b
kotlin.sequences.TransformingSequence$iterator$1 -> r0.i$a:
    java.util.Iterator iterator -> d
    kotlin.sequences.TransformingSequence this$0 -> e
kotlin.text.CharsKt__CharJVMKt -> s0.a:
    int checkRadix(int) -> a
    int digitOf(char,int) -> b
    boolean isWhitespace(char) -> c
kotlin.text.CharsKt__CharKt -> s0.b:
    boolean equals(char,char,boolean) -> d
kotlin.text.DelimitedRangesSequence -> s0.c:
    java.lang.CharSequence input -> a
    int startIndex -> b
    int limit -> c
    kotlin.jvm.functions.Function2 getNextMatch -> d
    kotlin.jvm.functions.Function2 access$getGetNextMatch$p(kotlin.text.DelimitedRangesSequence) -> a
    java.lang.CharSequence access$getInput$p(kotlin.text.DelimitedRangesSequence) -> b
    int access$getLimit$p(kotlin.text.DelimitedRangesSequence) -> c
    int access$getStartIndex$p(kotlin.text.DelimitedRangesSequence) -> d
kotlin.text.DelimitedRangesSequence$iterator$1 -> s0.c$a:
    kotlin.ranges.IntRange nextItem -> g
    int counter -> h
    int nextSearchIndex -> f
    int nextState -> d
    int currentStartIndex -> e
    kotlin.text.DelimitedRangesSequence this$0 -> i
    void calcNext() -> a
    kotlin.ranges.IntRange next() -> b