build/app/outputs/mapping/release/usage.txt
com.example.trucki.BuildConfig
com.example.trucki.R$attr
com.example.trucki.R$color
com.example.trucki.R$dimen
com.example.trucki.R$drawable
com.example.trucki.R$id
com.example.trucki.R$integer
com.example.trucki.R$layout
com.example.trucki.R$mipmap
com.example.trucki.R$string
com.example.trucki.R$style
com.example.trucki.R$styleable
com.example.trucki.R
...
io.flutter.embedding.engine.loader.ApplicationInfoLoader:
    public static final java.lang.String NETWORK_POLICY_METADATA_KEY
    public static final java.lang.String PUBLIC_AUTOMATICALLY_REGISTER_PLUGINS_METADATA_KEY
    public void <init>()
io.flutter.embedding.engine.loader.FlutterApplicationInfo:
    private static final java.lang.String DEFAULT_AOT_SHARED_LIBRARY_NAME
    private static final java.lang.String DEFAULT_FLUTTER_ASSETS_DIR
    private static final java.lang.String DEFAULT_ISOLATE_SNAPSHOT_DATA
    private static final java.lang.String DEFAULT_VM_SNAPSHOT_DATA
io.flutter.embedding.engine.loader.FlutterLoader$Settings:
    public void setLogTag(java.lang.String)
io.flutter.embedding.engine.loader.FlutterLoader:
    static final java.lang.String AOT_SHARED_LIBRARY_NAME
    static final java.lang.String AOT_VMSERVICE_SHARED_LIBRARY_NAME
    static final java.lang.String AUTOMATICALLY_REGISTER_PLUGINS_KEY
    private static final java.lang.String DEFAULT_KERNEL_BLOB
    private static final java.lang.String DEFAULT_LIBRARY
    private static final java.lang.String ENABLE_IMPELLER_META_DATA_KEY
    private static final java.lang.String ENABLE_VULKAN_VALIDATION_META_DATA_KEY
    static final java.lang.String FLUTTER_ASSETS_DIR_KEY
    private static final java.lang.String IMPELLER_BACKEND_META_DATA_KEY
    private static final java.lang.String IMPELLER_OPENGL_GPU_TRACING_DATA_KEY
    static final java.lang.String ISOLATE_SNAPSHOT_DATA_KEY
    private static final java.lang.String LEAK_VM_META_DATA_KEY
    private static final java.lang.String OLD_GEN_HEAP_SIZE_META_DATA_KEY
    static final java.lang.String SNAPSHOT_ASSET_PATH_KEY
    private static final java.lang.String TAG
    private static final java.lang.String VMSERVICE_SNAPSHOT_LIBRARY
    static final java.lang.String VM_SNAPSHOT_DATA_KEY
    private static io.flutter.embedding.engine.loader.FlutterLoader instance
    public void ensureInitializationCompleteAsync(android.content.Context,java.lang.String[],android.os.Handler,java.lang.Runnable)
    private java.lang.String fullAssetPathFrom(java.lang.String)
    public java.lang.String getLookupKeyForAsset(java.lang.String)
io.flutter.embedding.engine.loader.ResourceExtractor$1
io.flutter.embedding.engine.loader.ResourceExtractor$ExtractTask
io.flutter.embedding.engine.loader.ResourceExtractor:
    private static final java.lang.String[] SUPPORTED_ABIS
    private static final java.lang.String TAG
    private static final java.lang.String TIMESTAMP_PREFIX
    private final android.content.res.AssetManager mAssetManager
    private final java.lang.String mDataDirPath
    private io.flutter.embedding.engine.loader.ResourceExtractor$ExtractTask mExtractTask
    private final android.content.pm.PackageManager mPackageManager
    private final java.lang.String mPackageName
    private final java.util.HashSet mResources
    static void <clinit>()
    void <init>(java.lang.String,java.lang.String,android.content.pm.PackageManager,android.content.res.AssetManager)
    static synthetic java.lang.String access$000(java.io.File,android.content.pm.PackageManager,java.lang.String)
    static synthetic void access$100(java.lang.String,java.util.HashSet)
    static synthetic void access$200(java.io.InputStream,java.io.OutputStream)
    io.flutter.embedding.engine.loader.ResourceExtractor addResource(java.lang.String)
    io.flutter.embedding.engine.loader.ResourceExtractor addResources(java.util.Collection)
    private static java.lang.String checkTimestamp(java.io.File,android.content.pm.PackageManager,java.lang.String)
    private static void copy(java.io.InputStream,java.io.OutputStream)
    private static void deleteFiles(java.lang.String,java.util.HashSet)
io.flutter.embedding.engine.mutatorsstack.FlutterMutatorView:
    public void <init>(android.content.Context)